run.sh: line 10: deactivate: No such file or directory
run.sh: line 10: deactivate: No such file or directory
run.sh: line 10: deactivate: No such file or directory
run.sh: line 10: deactivate: No such file or directory
SevenNet: Scalable EquVariance-Enabled Neural Network
version 0.10.1, Wed Nov 27 18:41:04 2024
this file: /home/sr5/sincere.choi/sevenn_workspace/container/v0.10.0/downloads/SevenNet/example_inputs/training/lmdb/lr0.01/log0.sevenn
reading yaml config...
                ****
              ********                                   .
              *//////,  ..                               .            ,*.
               ,,***.         ..                        ,          ********.                                  ./,
             .      .                ..   /////.       .,       . */////////                               /////////.
        .&@&/        .                  .(((((((..     /           *//////*.  ...                         *((((((((((.
     @@@@@@@@@@*    @@@@@@@@@@  @@@@@    *((@@@@@     (     %@@@@@@@@@@  .@@@@@@     ..@@@@.   @@@@@@*    .(@@@@@(((*
    @@@@@.          @@@@         @@@@@ .   @@@@@      #     %@@@@         @@@@@@@@     @@@@(,  @@@@@@@@.    @@@@@(*.
    %@@@@@@@&       @@@@@@@@@@    @@@@@   @@@@@      #  ., .%@@@@@@@@@    @@@@@@@@@@   @@@@,   @@@@@@@@@@   @@@@@
    ,(%@@@@@@@@@    @@@@@@@@@@     @@@@@ @@@@&       (//////%@@@@@@@@@    @@@@  @@@@@@ @@@@  . @@@@@  @@@@@.@@@@@
        .   @@@@@   @@@@ .       .  @@@@@@@@%   . . ( .////,%@@@@         @@@@    @@@@@@@@@    @@@@@    @@@@@@@@@
    (@@@@@@@@@@@    @@@@@@@@@@**.    @@@@@@*       *.      .%@@@@@@@@@@   @@@@    . @@@@@@@    @@@@@     .@@@@@@@
     @@@@@@@@@.     @@@@@@@@@@///,    @@@@.      . /        %@@@@@@@@@@   @@@@***,    @@@@@    @@@@@        @@@@@
           .           //////////*.               /           .            .*******...             . ,.
          .&&&&&...     ,//////*.       ...////.  /            ,*/.     .   ,////,               .,/////
          &@@@@@@                         ,(/((, *           ,((((((.                              .***.
           ,/@(,                            ..   *            ,((((*
                                                ,
                                               .
Distributed training enabled, total world size is 32
successfully read yaml config!

from model configuration
chemical_species    : auto
_number_of_species  : auto
_type_map           : auto
irreps_manual       : ['128x0e', '128x0e+64x1e+32x2e+32x3e', '128x0e+64x1e+32x2e+32x3e', '128x0e']
channel             : 128
lmax                : 3
lmax_edge           : -1
lmax_node           : -1
is_parity           : False
radial_basis        : {'radial_basis_name': 'bessel', 'bessel_basis_num': 8}
cutoff_function     : {'cutoff_function_name': 'XPLOR', 'cutoff_on': 5.5}
act_radial          : silu
cutoff              : 6.0
weight_nn_hidden_neurons: [64, 64]
num_convolution_layer: 3
act_scalar          : {'e': 'silu', 'o': 'tanh'}
act_gate            : {'e': 'silu', 'o': 'tanh'}
conv_denominator    : avg_num_neigh
train_denominator   : False
train_shift_scale   : False
use_bias_in_linear  : False
readout_as_fcn      : False
readout_fcn_hidden_neurons: [30, 30]
readout_fcn_activation: relu
self_connection_type: linear
interaction_type    : nequip
_normalize_sph      : True

from train configuration
device              : cuda
random_seed         : 1
epoch               : 4
loss                : [['Energy', 'MAE'], ['Force', 'L2MAE'], ['Stress', 'MAE']]
loss_param          : {}
optimizer           : adamw
optim_param         : {'lr': 0.01, 'weight_decay': 0.001}
scheduler           : onecyclelr
scheduler_param     : {'max_lr': 0.01, 'epochs': 4, 'pct_start': 0.0025, 'anneal_strategy': 'cos', 'div_factor': 25.0, \
                       'final_div_factor': 10000.0}
force_loss_weight   : 1.0
stress_loss_weight  : 0.01
per_epoch           : 1
print_interval_steps: 10000
epoch_mode          : False
use_testset         : False
continue            : {'checkpoint': False, 'reset_optimizer': False, 'reset_scheduler': False, 'reset_epoch': False, \
                       'use_statistic_values_of_checkpoint': True}
csv_log             : log.csv
num_workers         : 0
is_train_stress     : True
train_shuffle       : True
error_record        : [['Energy', 'MAE'], ['Energy', 'RMSE'], ['Force', 'MAE'], ['Force', 'RMSE'], ['Force', 'L2MAE'], ['Force', \
                       'L2RMSE'], ['Stress', 'MAE'], ['Stress', 'RMSE'], ['Energy', 'Loss'], ['Force', 'Loss'], ['Stress', 'Loss'], \
                       ['TotalLoss', 'None']]
best_metric         : TotalLoss
is_ddp              : True
ddp_backend         : nccl
local_rank          : 0
rank                : 0
world_size          : 32

from data configuration
load_trainset_path  : ['/home/sr5/zetta/DB/OMat24/dataset/train/aimd-from-PBE-1000-npt', \
                       '/home/sr5/zetta/DB/OMat24/dataset/train/aimd-from-PBE-1000-nvt', \
                       '/home/sr5/zetta/DB/OMat24/dataset/train/aimd-from-PBE-3000-npt', \
                       '/home/sr5/zetta/DB/OMat24/dataset/train/aimd-from-PBE-3000-nvt', \
                       '/home/sr5/zetta/DB/OMat24/dataset/train/rattled-1000', \
                       '/home/sr5/zetta/DB/OMat24/dataset/train/rattled-300', \
                       '/home/sr5/zetta/DB/OMat24/dataset/train/rattled-500', \
                       '/home/sr5/zetta/DB/OMat24/dataset/train/rattled-relax']
load_validset_path  : ['/home/sr5/zetta/DB/OMat24/dataset/valid/aimd-from-PBE-1000-npt', \
                       '/home/sr5/zetta/DB/OMat24/dataset/valid/aimd-from-PBE-1000-nvt', \
                       '/home/sr5/zetta/DB/OMat24/dataset/valid/aimd-from-PBE-3000-npt', \
                       '/home/sr5/zetta/DB/OMat24/dataset/valid/aimd-from-PBE-3000-nvt', \
                       '/home/sr5/zetta/DB/OMat24/dataset/valid/rattled-1000', \
                       '/home/sr5/zetta/DB/OMat24/dataset/valid/rattled-300', \
                       '/home/sr5/zetta/DB/OMat24/dataset/valid/rattled-500', \
                       '/home/sr5/zetta/DB/OMat24/dataset/valid/rattled-relax']
dtype               : single
data_format         : ase
data_format_args    : {'index': ':'}
save_dataset_path   : False
save_by_label       : False
save_by_train_valid : False
data_divide_ratio   : 0.1
batch_size          : 16
preprocess_num_cores: 1
compute_statistics  : True
dataset_type        : lmdb
shift               : per_atom_energy_mean
scale               : force_rms
------------------------------------------------------------------------------------------------------------------------
trainset distribution:
force_of_atoms      : {'max': '990.982', 'mean': '0.000', 'median': '0.000', 'min': '-991.093', 'std': '4.143'}
per_atom_energy     : {'max': '99.962', 'mean': '-4.532', 'median': '-4.382', 'min': '-97.412', 'std': '1.929'}
stress              : {'max': '37.581', 'mean': '-0.012', 'median': '-0.003', 'min': '-57.418', 'std': '0.084'}
total_energy        : {'max': '4926.600', 'mean': '-77.629', 'median': '-68.220', 'min': '-3893.492', 'std': '97.549'}
# atoms (node)      : {'Ac': 22004078, 'Ag': 31449954, 'Al': 31765152, 'Ar': 1453, 'As': 25376519, 'Au': 33279289, \
                       'B': 13843316, 'Ba': 25584269, 'Be': 19876167, 'Bi': 19491932, 'Br': 32392237, 'C': 14196311, \
                       'Ca': 27051658, 'Cd': 33271804, 'Ce': 6639941, 'Cl': 33500848, 'Co': 15516140, 'Cr': 11166172, \
                       'Cs': 17846911, 'Cu': 24459280, 'Dy': 21523335, 'Er': 18736169, 'Eu': 950822, 'F': 24949028, \
                       'Fe': 12579363, 'Ga': 26905151, 'Gd': 961278, 'Ge': 19013507, 'H': 23595793, 'He': 8195, \
                       'Hf': 14105621, 'Hg': 33865514, 'Ho': 20068731, 'I': 24347185, 'In': 32854416, 'Ir': 20329708, \
                       'K': 28731604, 'Kr': 1797, 'La': 33412841, 'Li': 34528856, 'Lu': 2693533, 'Mg': 32681172, \
                       'Mn': 11781904, 'Mo': 12020356, 'N': 24007689, 'Na': 21401096, 'Nb': 8631069, 'Nd': 20760500, \
                       'Ne': 257, 'Ni': 20372449, 'Np': 2143998, 'O': 69011411, 'Os': 12779039, 'P': 26789174, 'Pa': 5436288, \
                       'Pb': 25036226, 'Pd': 34101275, 'Pm': 23332081, 'Pr': 21143697, 'Pt': 29706567, 'Pu': 4249953, \
                       'Rb': 17002959, 'Re': 10319154, 'Rh': 23480082, 'Ru': 15487108, 'S': 36960214, 'Sb': 26974579, \
                       'Sc': 21461932, 'Se': 42744000, 'Si': 25260756, 'Sm': 17968852, 'Sn': 21064223, 'Sr': 13400734, \
                       'Ta': 9816048, 'Tb': 13705230, 'Tc': 11917911, 'Te': 35728424, 'Th': 8202837, 'Ti': 8244950, \
                       'Tl': 28045940, 'Tm': 15860188, 'U': 2113340, 'V': 6794743, 'W': 11424849, 'Xe': 3463, 'Y': 20043805, \
                       'Yb': 118121, 'Zn': 26182739, 'Zr': 12843442, 'total': 1721432702}
# structures (graph): 89505421
------------------------------------------------------------------------------------------------------------------------
validset distribution:
force_of_atoms      : {'max': '910.040', 'mean': '0.000', 'median': '-0.000', 'min': '-909.655', 'std': '4.355'}
per_atom_energy     : {'max': '89.895', 'mean': '-4.521', 'median': '-4.371', 'min': '-12.908', 'std': '1.922'}
stress              : {'max': '8.738', 'mean': '-0.012', 'median': '-0.003', 'min': '-18.522', 'std': '0.080'}
total_energy        : {'max': '1078.746', 'mean': '-77.357', 'median': '-67.996', 'min': '-1284.343', 'std': '97.297'}
# atoms (node)      : {'Ac': 234705, 'Ag': 344425, 'Al': 344424, 'As': 271315, 'Au': 358025, 'B': 152638, 'Ba': 277565, \
                       'Be': 212521, 'Bi': 211216, 'Br': 340831, 'C': 156121, 'Ca': 292848, 'Cd': 356448, 'Ce': 72349, \
                       'Cl': 350481, 'Co': 170700, 'Cr': 115785, 'Cs': 192215, 'Cu': 261637, 'Dy': 224522, 'Er': 199827, \
                       'Eu': 10638, 'F': 262741, 'Fe': 131010, 'Ga': 290535, 'Gd': 10747, 'Ge': 211546, 'H': 264673, \
                       'Hf': 151220, 'Hg': 367240, 'Ho': 219244, 'I': 254982, 'In': 352649, 'Ir': 213211, 'K': 305321, 'Kr': 56, \
                       'La': 355197, 'Li': 375242, 'Lu': 29891, 'Mg': 344175, 'Mn': 126731, 'Mo': 124595, 'N': 251679, \
                       'Na': 224081, 'Nb': 92976, 'Nd': 223109, 'Ni': 217668, 'Np': 23379, 'O': 740041, 'Os': 134008, \
                       'P': 286371, 'Pa': 58579, 'Pb': 268925, 'Pd': 356341, 'Pm': 259211, 'Pr': 222035, 'Pt': 314097, \
                       'Pu': 43326, 'Rb': 177877, 'Re': 110095, 'Rh': 257716, 'Ru': 167441, 'S': 402818, 'Sb': 290501, \
                       'Sc': 227335, 'Se': 450845, 'Si': 271006, 'Sm': 195538, 'Sn': 224618, 'Sr': 142900, 'Ta': 106802, \
                       'Tb': 140575, 'Tc': 133436, 'Te': 385404, 'Th': 87076, 'Ti': 89094, 'Tl': 304998, 'Tm': 175686, \
                       'U': 22889, 'V': 71042, 'W': 122644, 'Y': 215481, 'Yb': 1328, 'Zn': 279000, 'Zr': 141103, \
                       'total': 18453334, 'Xe': 12, 'Ar': 6}
# structures (graph): 955135
------------------------------------------------------------------------------------------------------------------------
Known species are obtained from the dataset
shift is obtained from statistics: -4.532468047311689
scale is obtained from statistics: 4.142819946607884

                    SevenNetAtomsDataset does not provide correct avg_num_neigh
                    as it does not build graph. We will compute only random 10000
                    structures graph to approximate this value. If you want more
                    precise avg_num_neigh, use SevenNetGraphDataset. If it is not
                    viable due to memory limit, you need online algorithm to do this
                    , which is not yet implemented in the SevenNet
                    
conv_denominator is obtained from statistics: 28.848484848484848

Model building...
Irreps of features
edge_feature        : 1x0e+1x1e+1x2e+1x3e
0th node            : 128x0e
1th node            : 128x0e+64x1e+32x2e+32x3e
2th node            : 128x0e+64x1e+32x2e+32x3e
readout irreps      : 128x0e
# learnable parameters: 555720

------------------------------------------------------------------------------------------------------------------------
Epoch 0/4 lr: 0.000000
          Energy_MAE (eV/atom)   Energy_RMSE (eV/atom)   Force_MAE (eV/Å)   Force_RMSE (eV/Å)   Force_L2MAE (eV/Å)   Force_L2RMSE (eV/Å)   Stress_MAE (eV/Å3)   Stress_RMSE (eV/Å3)   Energy_Loss   Force_Loss   Stress_Loss   TotalLoss  
------------------------------------------------------------------------------------------------------------------------------------------------------------------------------------------------------------------------------------------
trainset              1.523976                1.961125           0.880871            4.485085             1.768228              4.485085             0.016917              0.162103      1.523976     1.663853      0.016916    3.187999
validset              1.521301                1.954991           0.887092            4.509630             1.780624              4.509630             0.017071              0.157081      1.521345     1.684963      0.017069    3.206479
------------------------------------------------------------------------------------------------------------------------
Epoch 1/4  lr: 0.000400
------------------------------------------------------------------------------------------------------------------------
[10000 / 174816] LR: 0.00999663	Energy: 0.12011235	Force: 0.40433016	Stress: 11.80395934
[20000 / 174816] LR: 0.00998350	Energy: 0.04999651	Force: 0.25275037	Stress: 8.84084445
[30000 / 174816] LR: 0.00996048	Energy: 0.04274520	Force: 0.23262179	Stress: 7.88501611
[40000 / 174816] LR: 0.00992760	Energy: 0.03929583	Force: 0.22366297	Stress: 7.71441357
[50000 / 174816] LR: 0.00988494	Energy: 0.03806170	Force: 0.22133624	Stress: 7.69734612
[60000 / 174816] LR: 0.00983258	Energy: 0.03505969	Force: 0.20868716	Stress: 7.60940203
[70000 / 174816] LR: 0.00977062	Energy: 0.03344658	Force: 0.20556201	Stress: 7.29962848
[80000 / 174816] LR: 0.00969919	Energy: 0.03262586	Force: 0.20154661	Stress: 7.36068131
[90000 / 174816] LR: 0.00961843	Energy: 0.03225784	Force: 0.20259443	Stress: 7.27781720
[100000 / 174816] LR: 0.00952850	Energy: 0.03055623	Force: 0.19844070	Stress: 7.04999104
[110000 / 174816] LR: 0.00942958	Energy: 0.02967799	Force: 0.19466807	Stress: 7.24820187
[120000 / 174816] LR: 0.00932187	Energy: 0.02951003	Force: 0.19226800	Stress: 7.02564635
[130000 / 174816] LR: 0.00920557	Energy: 0.03055829	Force: 0.19255877	Stress: 7.25361340
[140000 / 174816] LR: 0.00908092	Energy: 0.02852747	Force: 0.19082998	Stress: 6.78197703
[150000 / 174816] LR: 0.00894816	Energy: 0.03030141	Force: 0.19141734	Stress: 7.27270929
[160000 / 174816] LR: 0.00880757	Energy: 0.02872204	Force: 0.18951846	Stress: 6.91205214
[170000 / 174816] LR: 0.00865942	Energy: 0.02792875	Force: 0.19001122	Stress: 6.94763681
          Energy_MAE (eV/atom)   Energy_RMSE (eV/atom)   Force_MAE (eV/Å)   Force_RMSE (eV/Å)   Force_L2MAE (eV/Å)   Force_L2RMSE (eV/Å)   Stress_MAE (eV/Å3)   Stress_RMSE (eV/Å3)   Energy_Loss   Force_Loss   Stress_Loss   TotalLoss  
------------------------------------------------------------------------------------------------------------------------------------------------------------------------------------------------------------------------------------------
trainset              0.038775                0.291436           0.114847            1.090516             0.231806              1.090516             0.004765              0.144015      0.038775     0.217127      0.004765    0.255950
validset              0.032036                0.259806           0.099899            0.697518             0.201535              0.697518             0.004363              0.121033      0.032037     0.189791      0.004363    0.221872
Best checkpoint written
Epoch 1 elapsed: 1 day, 2:09:48.86
------------------------------------------------------------------------------------------------------------------------
Epoch 2/4  lr: 0.008585
------------------------------------------------------------------------------------------------------------------------
[10000 / 174816] LR: 0.00842665	Energy: 0.02867320	Force: 0.19836159	Stress: 7.19900905
[20000 / 174816] LR: 0.00826104	Energy: 0.02852996	Force: 0.18726749	Stress: 7.06565029
[30000 / 174816] LR: 0.00808895	Energy: 0.02711558	Force: 0.18465841	Stress: 6.69435603
[40000 / 174816] LR: 0.00791073	Energy: 0.02710893	Force: 0.18593181	Stress: 6.79013151
[50000 / 174816] LR: 0.00772673	Energy: 0.02765223	Force: 0.18785708	Stress: 6.87621105
[60000 / 174816] LR: 0.00753731	Energy: 0.02645659	Force: 0.18185088	Stress: 6.93474479
[70000 / 174816] LR: 0.00734286	Energy: 0.02630488	Force: 0.18297106	Stress: 6.69802983
[80000 / 174816] LR: 0.00714375	Energy: 0.02639721	Force: 0.18182722	Stress: 6.84076476
[90000 / 174816] LR: 0.00694039	Energy: 0.02659244	Force: 0.18416988	Stress: 6.79409771
[100000 / 174816] LR: 0.00673318	Energy: 0.02530801	Force: 0.18285822	Stress: 6.59144543
[110000 / 174816] LR: 0.00652252	Energy: 0.02471505	Force: 0.17960647	Stress: 6.82192242
[120000 / 174816] LR: 0.00630884	Energy: 0.02490033	Force: 0.17875490	Stress: 6.64761001
[130000 / 174816] LR: 0.00609256	Energy: 0.02586163	Force: 0.17844708	Stress: 6.88471316
[140000 / 174816] LR: 0.00587411	Energy: 0.02414650	Force: 0.17838879	Stress: 6.43169980
[150000 / 174816] LR: 0.00565393	Energy: 0.02607906	Force: 0.17983954	Stress: 6.92479029
[160000 / 174816] LR: 0.00543245	Energy: 0.02454045	Force: 0.17741430	Stress: 6.58696963
[170000 / 174816] LR: 0.00521011	Energy: 0.02379693	Force: 0.17833468	Stress: 6.63808163
          Energy_MAE (eV/atom)   Energy_RMSE (eV/atom)   Force_MAE (eV/Å)   Force_RMSE (eV/Å)   Force_L2MAE (eV/Å)   Force_L2RMSE (eV/Å)   Stress_MAE (eV/Å3)   Stress_RMSE (eV/Å3)   Energy_Loss   Force_Loss   Stress_Loss   TotalLoss  
------------------------------------------------------------------------------------------------------------------------------------------------------------------------------------------------------------------------------------------
trainset              0.026399                0.278950           0.097077            0.826770             0.195877              0.826770             0.004245              0.153566      0.026399     0.183413      0.004245    0.209854
validset              0.023925                0.257793           0.093840            0.639286             0.189292              0.639286             0.004130              0.119371      0.023926     0.178575      0.004130    0.202542
Best checkpoint written
Epoch 2 elapsed: 1 day, 1:04:56.30
------------------------------------------------------------------------------------------------------------------------
Epoch 3/4  lr: 0.005103
------------------------------------------------------------------------------------------------------------------------
[10000 / 174816] LR: 0.00488005	Energy: 0.02347713	Force: 0.18204923	Stress: 6.73447769
[20000 / 174816] LR: 0.00465749	Energy: 0.02412215	Force: 0.17487293	Stress: 6.76129244
[30000 / 174816] LR: 0.00443561	Energy: 0.02305286	Force: 0.17413292	Stress: 6.38364278
[40000 / 174816] LR: 0.00421485	Energy: 0.02323628	Force: 0.17541890	Stress: 6.48621147
[50000 / 174816] LR: 0.00399564	Energy: 0.02344556	Force: 0.17698921	Stress: 6.55874005
[60000 / 174816] LR: 0.00377841	Energy: 0.02277902	Force: 0.17232017	Stress: 6.64682436
[70000 / 174816] LR: 0.00356363	Energy: 0.02251378	Force: 0.17282184	Stress: 6.42212868
[80000 / 174816] LR: 0.00335170	Energy: 0.02280964	Force: 0.17220514	Stress: 6.56953981
[90000 / 174816] LR: 0.00314304	Energy: 0.02296906	Force: 0.17459262	Stress: 6.52076206
[100000 / 174816] LR: 0.00293807	Energy: 0.02174930	Force: 0.17327585	Stress: 6.33136257
[110000 / 174816] LR: 0.00273720	Energy: 0.02127836	Force: 0.17107079	Stress: 6.55608722
[120000 / 174816] LR: 0.00254082	Energy: 0.02143407	Force: 0.17013795	Stress: 6.39562616
[130000 / 174816] LR: 0.00234932	Energy: 0.02251708	Force: 0.17006580	Stress: 6.63224727
[140000 / 174816] LR: 0.00216308	Energy: 0.02082169	Force: 0.16976912	Stress: 6.18015433
[150000 / 174816] LR: 0.00198248	Energy: 0.02263253	Force: 0.17131502	Stress: 6.61195532
[160000 / 174816] LR: 0.00180787	Energy: 0.02116329	Force: 0.16851950	Stress: 6.34082138
[170000 / 174816] LR: 0.00163959	Energy: 0.02056885	Force: 0.17025627	Stress: 6.39449982
          Energy_MAE (eV/atom)   Energy_RMSE (eV/atom)   Force_MAE (eV/Å)   Force_RMSE (eV/Å)   Force_L2MAE (eV/Å)   Force_L2RMSE (eV/Å)   Stress_MAE (eV/Å3)   Stress_RMSE (eV/Å3)   Energy_Loss   Force_Loss   Stress_Loss   TotalLoss  
------------------------------------------------------------------------------------------------------------------------------------------------------------------------------------------------------------------------------------------
trainset              0.022119                0.272450           0.091243            0.663639             0.184081              0.663639             0.004036              0.124423      0.022119     0.172180      0.004036    0.194339
validset              0.020837                0.256949           0.090218            0.558479             0.181970              0.558479             0.004012              0.119215      0.020838     0.171276      0.004012    0.192154
Best checkpoint written
Epoch 3 elapsed: 21:17:08.44
------------------------------------------------------------------------------------------------------------------------
Epoch 4/4  lr: 0.001561
------------------------------------------------------------------------------------------------------------------------
[10000 / 174816] LR: 0.00140264	Energy: 0.02019616	Force: 0.17250771	Stress: 6.48183524
[20000 / 174816] LR: 0.00125151	Energy: 0.02072625	Force: 0.16677097	Stress: 6.46312695
[30000 / 174816] LR: 0.00110783	Energy: 0.01982492	Force: 0.16631722	Stress: 6.14525090
[40000 / 174816] LR: 0.00097187	Energy: 0.02009883	Force: 0.16768255	Stress: 6.26054561
[50000 / 174816] LR: 0.00084391	Energy: 0.02030976	Force: 0.16931775	Stress: 6.32868982
[60000 / 174816] LR: 0.00072421	Energy: 0.01981957	Force: 0.16537984	Stress: 6.43672290
[70000 / 174816] LR: 0.00061299	Energy: 0.01961366	Force: 0.16566418	Stress: 6.21230877
[80000 / 174816] LR: 0.00051048	Energy: 0.01996586	Force: 0.16585208	Stress: 6.37280816
[90000 / 174816] LR: 0.00041689	Energy: 0.02017183	Force: 0.16764913	Stress: 6.32417759
[100000 / 174816] LR: 0.00033240	Energy: 0.01903699	Force: 0.16706660	Stress: 6.11640278
[110000 / 174816] LR: 0.00025718	Energy: 0.01868264	Force: 0.16528722	Stress: 6.36533495
[120000 / 174816] LR: 0.00019138	Energy: 0.01892013	Force: 0.16447635	Stress: 6.22077003
[130000 / 174816] LR: 0.00013512	Energy: 0.02004110	Force: 0.16443299	Stress: 6.46780090
[140000 / 174816] LR: 0.00008853	Energy: 0.01846434	Force: 0.16470427	Stress: 6.02572586
[150000 / 174816] LR: 0.00005168	Energy: 0.02039898	Force: 0.16657259	Stress: 6.44389936
[160000 / 174816] LR: 0.00002466	Energy: 0.01905465	Force: 0.16389039	Stress: 6.20001804
[170000 / 174816] LR: 0.00000752	Energy: 0.01855978	Force: 0.16618813	Stress: 6.26859696
          Energy_MAE (eV/atom)   Energy_RMSE (eV/atom)   Force_MAE (eV/Å)   Force_RMSE (eV/Å)   Force_L2MAE (eV/Å)   Force_L2RMSE (eV/Å)   Stress_MAE (eV/Å3)   Stress_RMSE (eV/Å3)   Energy_Loss   Force_Loss   Stress_Loss   TotalLoss  
------------------------------------------------------------------------------------------------------------------------------------------------------------------------------------------------------------------------------------------
trainset              0.019931                0.275505           0.088601            0.590749             0.178741              0.590749             0.003941              0.128751      0.019931     0.167092      0.003941    0.187062
validset              0.019137                0.256588           0.088525            0.514192             0.178537              0.514192             0.003946              0.119130      0.019138     0.167857      0.003946    0.187035
Best checkpoint written
Epoch 4 elapsed: 1 day, 0:33:00.90
Total wall time: 2 days, 12:05:55.32
